f:\vj\opengl_vs2015\2dgame\joc2d\02-bubble\debug\vc140.pdb
f:\vj\opengl_vs2015\2dgame\joc2d\02-bubble\debug\vc140.idb
f:\vj\opengl_vs2015\2dgame\joc2d\02-bubble\debug\game.obj
f:\vj\opengl_vs2015\2dgame\joc2d\02-bubble\debug\main.obj
f:\vj\opengl_vs2015\2dgame\joc2d\02-bubble\debug\player.obj
f:\vj\opengl_vs2015\2dgame\joc2d\02-bubble\debug\scene.obj
f:\vj\opengl_vs2015\2dgame\joc2d\02-bubble\debug\shader.obj
f:\vj\opengl_vs2015\2dgame\joc2d\02-bubble\debug\shaderprogram.obj
f:\vj\opengl_vs2015\2dgame\joc2d\02-bubble\debug\sprite.obj
f:\vj\opengl_vs2015\2dgame\joc2d\02-bubble\debug\texture.obj
f:\vj\opengl_vs2015\2dgame\joc2d\02-bubble\debug\tilemap.obj
c:\users\jan.samaranch.i\desktop\opengl_vs2015\2dgame\joc2d\02-bubble\debug\vc140.pdb
c:\users\jan.samaranch.i\desktop\opengl_vs2015\2dgame\joc2d\02-bubble\debug\vc140.idb
c:\users\jan.samaranch.i\desktop\opengl_vs2015\2dgame\joc2d\02-bubble\debug\game.obj
c:\users\jan.samaranch.i\desktop\opengl_vs2015\2dgame\joc2d\02-bubble\debug\main.obj
c:\users\jan.samaranch.i\desktop\opengl_vs2015\2dgame\joc2d\02-bubble\debug\player.obj
c:\users\jan.samaranch.i\desktop\opengl_vs2015\2dgame\joc2d\02-bubble\debug\scene.obj
c:\users\jan.samaranch.i\desktop\opengl_vs2015\2dgame\joc2d\02-bubble\debug\shader.obj
c:\users\jan.samaranch.i\desktop\opengl_vs2015\2dgame\joc2d\02-bubble\debug\shaderprogram.obj
c:\users\jan.samaranch.i\desktop\opengl_vs2015\2dgame\joc2d\02-bubble\debug\sprite.obj
c:\users\jan.samaranch.i\desktop\opengl_vs2015\2dgame\joc2d\02-bubble\debug\texture.obj
c:\users\jan.samaranch.i\desktop\opengl_vs2015\2dgame\joc2d\02-bubble\debug\tilemap.obj
c:\users\jan.samaranch.i\desktop\opengl_vs2015\2dgame\joc2d\02-bubble\debug\camara.obj
f:\vj\opengl_vs2015\2dgame\joc2d\02-bubble\debug\camara.obj
f:\vj\opengl_vs2015\2dgame\joc2d\debug\02-bubble.ilk
f:\vj\opengl_vs2015\2dgame\joc2d\debug\02-bubble.exe
f:\vj\opengl_vs2015\2dgame\joc2d\debug\02-bubble.pdb
c:\users\jan.samaranch.i\desktop\opengl_vs2015\2dgame\joc2d\debug\02-bubble.ilk
c:\users\jan.samaranch.i\desktop\opengl_vs2015\2dgame\joc2d\debug\02-bubble.exe
c:\users\jan.samaranch.i\desktop\opengl_vs2015\2dgame\joc2d\debug\02-bubble.pdb
c:\users\jansa\onedrive\escriptori\vj projecte1\2dgame\vj-main\02-bubble\debug\camara.obj
c:\users\jansa\onedrive\escriptori\vj projecte1\2dgame\vj-main\02-bubble\debug\game.obj
c:\users\jansa\onedrive\escriptori\vj projecte1\2dgame\vj-main\02-bubble\debug\main.obj
c:\users\jansa\onedrive\escriptori\vj projecte1\2dgame\vj-main\02-bubble\debug\player.obj
c:\users\jansa\onedrive\escriptori\vj projecte1\2dgame\vj-main\02-bubble\debug\scene.obj
c:\users\jansa\onedrive\escriptori\vj projecte1\2dgame\vj-main\02-bubble\debug\shader.obj
c:\users\jansa\onedrive\escriptori\vj projecte1\2dgame\vj-main\02-bubble\debug\shaderprogram.obj
c:\users\jansa\onedrive\escriptori\vj projecte1\2dgame\vj-main\02-bubble\debug\sprite.obj
c:\users\jansa\onedrive\escriptori\vj projecte1\2dgame\vj-main\02-bubble\debug\texture.obj
c:\users\jansa\onedrive\escriptori\vj projecte1\2dgame\vj-main\02-bubble\debug\tilemap.obj
c:\users\jansa\onedrive\escriptori\vj projecte1\2dgame\vj-main\02-bubble\debug\camara.obj.enc
c:\users\jansa\onedrive\escriptori\vj projecte1\2dgame\vj-main\02-bubble\debug\02-bubble.ilk
c:\users\jansa\onedrive\escriptori\vj projecte1\2dgame\vj-main\02-bubble\debug\vc140.idb
c:\users\jansa\onedrive\escriptori\vj projecte1\2dgame\vj-main\02-bubble\debug\vc143.idb
c:\users\jansa\onedrive\escriptori\vj projecte1\2dgame\vj-main\02-bubble\debug\vc140.pdb
c:\users\jansa\onedrive\escriptori\vj projecte1\2dgame\vj-main\02-bubble\debug\vc143.pdb
c:\users\jansa\onedrive\escriptori\vj projecte1\2dgame\vj-main\debug\02-bubble.pdb
c:\users\jansa\onedrive\escriptori\vj projecte1\2dgame\vj-main\debug\02-bubble.exe
c:\users\jansa\onedrive\escriptori\vj projecte1\2dgame\vj-main\debug\02-bubble.ilk
c:\users\jansa\onedrive\escriptori\vj projecte1\2dgame\vj-main\02-bubble\debug\02-bubble.tlog\cl.command.1.tlog
c:\users\jansa\onedrive\escriptori\vj projecte1\2dgame\vj-main\02-bubble\debug\02-bubble.tlog\cl.items.tlog
c:\users\jansa\onedrive\escriptori\vj projecte1\2dgame\vj-main\02-bubble\debug\02-bubble.tlog\cl.read.1.tlog
c:\users\jansa\onedrive\escriptori\vj projecte1\2dgame\vj-main\02-bubble\debug\02-bubble.tlog\cl.write.1.tlog
c:\users\jansa\onedrive\escriptori\vj projecte1\2dgame\vj-main\02-bubble\debug\02-bubble.tlog\link.command.1.tlog
c:\users\jansa\onedrive\escriptori\vj projecte1\2dgame\vj-main\02-bubble\debug\02-bubble.tlog\link.read.1.tlog
c:\users\jansa\onedrive\escriptori\vj projecte1\2dgame\vj-main\02-bubble\debug\02-bubble.tlog\link.write.1.tlog
